DEBUG BUILD Sep 23 2025 15:12:41
Loading http://www.ibiblio.org/pub/micro/pc-stuff/freedos/files/repositories/latest/base/...
DEBUG: download start
DEBUG: download stop
An error occured while trying to load repository from tmp file...
Error code: -3

Message from http://www.ibiblio.org/pub/micro/pc-stuff/freedos/files/repositories/latest/base/:

Loading http://www.ibiblio.org/pub/micro/pc-stuff/freedos/files/repositories/latest/apps/...
DEBUG: download start
DEBUG: download stop
An error occured while trying to load repository from tmp file...
Error code: -3

Message from http://www.ibiblio.org/pub/micro/pc-stuff/freedos/files/repositories/latest/apps/:

Loading http://www.ibiblio.org/pub/micro/pc-stuff/freedos/files/repositories/latest/archiver/...
DEBUG: download start
DEBUG: download stop
An error occured while trying to load repository from tmp file...
Error code: -3

Message from http://www.ibiblio.org/pub/micro/pc-stuff/freedos/files/repositories/latest/archiver/:

Loading http://www.ibiblio.org/pub/micro/pc-stuff/freedos/files/repositories/latest/boot/...
DEBUG: download start
DEBUG: download stop
An error occured while trying to load repository from tmp file...
Error code: -3

Message from http://www.ibiblio.org/pub/micro/pc-stuff/freedos/files/repositories/latest/boot/:

Loading http://www.ibiblio.org/pub/micro/pc-stuff/freedos/files/repositories/latest/devel/...
DEBUG: download start
DEBUG: download stop
An error occured while trying to load repository from tmp file...
Error code: -3

Message from http://www.ibiblio.org/pub/micro/pc-stuff/freedos/files/repositories/latest/devel/:

Loading http://www.ibiblio.org/pub/micro/pc-stuff/freedos/files/repositories/latest/drivers/...
DEBUG: download start
DEBUG: download stop
An error occured while trying to load repository from tmp file...
Error code: -3

Message from http://www.ibiblio.org/pub/micro/pc-stuff/freedos/files/repositories/latest/drivers/:

Loading http://www.ibiblio.org/pub/micro/pc-stuff/freedos/files/repositories/latest/edit/...
DEBUG: download start
DEBUG: download stop
An error occured while trying to load repository from tmp file...
Error code: -3

Message from http://www.ibiblio.org/pub/micro/pc-stuff/freedos/files/repositories/latest/edit/:

Loading http://www.ibiblio.org/pub/micro/pc-stuff/freedos/files/repositories/latest/emulator/...
DEBUG: download start
DEBUG: download stop
An error occured while trying to load repository from tmp file...
Error code: -3

Message from http://www.ibiblio.org/pub/micro/pc-stuff/freedos/files/repositories/latest/emulator/:

Loading http://www.ibiblio.org/pub/micro/pc-stuff/freedos/files/repositories/latest/games/...
DEBUG: download start
DEBUG: download stop
An error occured while trying to load repository from tmp file...
Error code: -3

Message from http://www.ibiblio.org/pub/micro/pc-stuff/freedos/files/repositories/latest/games/:

Loading http://www.ibiblio.org/pub/micro/pc-stuff/freedos/files/repositories/latest/gui/...
DEBUG: download start
DEBUG: download stop
An error occured while trying to load repository from tmp file...
Error code: -3

Message from http://www.ibiblio.org/pub/micro/pc-stuff/freedos/files/repositories/latest/gui/:

Loading http://www.ibiblio.org/pub/micro/pc-stuff/freedos/files/repositories/latest/net/...
DEBUG: download start
DEBUG: download stop
An error occured while trying to load repository from tmp file...
Error code: -3

Message from http://www.ibiblio.org/pub/micro/pc-stuff/freedos/files/repositories/latest/net/:

Loading http://www.ibiblio.org/pub/micro/pc-stuff/freedos/files/repositories/latest/sound/...
DEBUG: download start
DEBUG: download stop
An error occured while trying to load repository from tmp file...
Error code: -3

Message from http://www.ibiblio.org/pub/micro/pc-stuff/freedos/files/repositories/latest/sound/:

Loading http://www.ibiblio.org/pub/micro/pc-stuff/freedos/files/repositories/latest/unix/...
DEBUG: download start
DEBUG: download stop
An error occured while trying to load repository from tmp file...
Error code: -3

Message from http://www.ibiblio.org/pub/micro/pc-stuff/freedos/files/repositories/latest/unix/:

Loading http://www.ibiblio.org/pub/micro/pc-stuff/freedos/files/repositories/latest/util/...
DEBUG: download start
DEBUG: download stop
An error occured while trying to load repository from tmp file...
Error code: -3

Message from http://www.ibiblio.org/pub/micro/pc-stuff/freedos/files/repositories/latest/util/:

Error: Could not access the c:\fdos\packages directory.

                                                                            
0 package update(s) found.
